Using pre-set license
Built from '2020.3/staging' branch; Version is '2020.3.18f1 (a7d1c678663c) revision 10998214'; Using compiler version '192528614'; Build Type 'Release'
OS: 'Windows 10 Home; OS build 22621.1194; Version 2009; 64bit' Language: 'en' Physical Memory: 32692 MB
BatchMode: 1, IsHumanControllingUs: 0, StartBugReporterOnCrash: 0, Is64bit: 1, IsPro: 0

COMMAND LINE ARGUMENTS:
C:\Program Files\Unity\Hub\Editor\2020.3.18f1\Editor\Unity.exe
-adb2
-batchMode
-noUpm
-name
AssetImportWorker0
-projectPath
C:/Users/aweso/Programming for Games Lab
-logFile
Logs/AssetImportWorker0.log
-srvPort
9490
Successfully changed project path to: C:/Users/aweso/Programming for Games Lab
C:/Users/aweso/Programming for Games Lab
Using Asset Import Pipeline V2.
Refreshing native plugins compatible for Editor in 27.20 ms, found 2 plugins.
Preloading 0 native plugins for Editor in 0.00 ms.
Initialize engine version: 2020.3.18f1 (a7d1c678663c)
[Subsystems] Discovering subsystems at path C:/Program Files/Unity/Hub/Editor/2020.3.18f1/Editor/Data/Resources/UnitySubsystems
[Subsystems] Discovering subsystems at path C:/Users/aweso/Programming for Games Lab/Assets
GfxDevice: creating device client; threaded=0
Direct3D:
    Version:  Direct3D 11.0 [level 11.1]
    Renderer: NVIDIA GeForce RTX 3080 (ID=0x2206)
    Vendor:   
    VRAM:     10067 MB
    Driver:   31.0.15.2824
Initialize mono
Mono path[0] = 'C:/Program Files/Unity/Hub/Editor/2020.3.18f1/Editor/Data/Managed'
Mono path[1] = 'C:/Program Files/Unity/Hub/Editor/2020.3.18f1/Editor/Data/MonoBleedingEdge/lib/mono/unityjit'
Mono config path = 'C:/Program Files/Unity/Hub/Editor/2020.3.18f1/Editor/Data/MonoBleedingEdge/etc'
Using monoOptions --debugger-agent=transport=dt_socket,embedding=1,server=y,suspend=n,address=127.0.0.1:56036
Begin MonoManager ReloadAssembly
Registering precompiled unity dll's ...
Register platform support module: C:/Program Files/Unity/Hub/Editor/2020.3.18f1/Editor/Data/PlaybackEngines/WebGLSupport/UnityEditor.WebGL.Extensions.dll
Register platform support module: C:/Program Files/Unity/Hub/Editor/2020.3.18f1/Editor/Data/PlaybackEngines/WindowsStandaloneSupport/UnityEditor.WindowsStandalone.Extensions.dll
Registered in 0.001622 seconds.
Native extension for WindowsStandalone target not found
Native extension for WebGL target not found
Refreshing native plugins compatible for Editor in 26.09 ms, found 2 plugins.
Preloading 0 native plugins for Editor in 0.00 ms.
Mono: successfully reloaded assembly
- Completed reload, in  0.966 seconds
Domain Reload Profiling:
	ReloadAssembly (966ms)
		BeginReloadAssembly (46ms)
			ExecutionOrderSort (0ms)
			DisableScriptedObjects (0ms)
			BackupInstance (0ms)
			ReleaseScriptingObjects (0ms)
			CreateAndSetChildDomain (1ms)
		EndReloadAssembly (342ms)
			LoadAssemblies (43ms)
			RebuildTransferFunctionScriptingTraits (0ms)
			SetupTypeCache (139ms)
			ReleaseScriptCaches (0ms)
			RebuildScriptCaches (24ms)
			SetupLoadedEditorAssemblies (128ms)
				LogAssemblyErrors (0ms)
				InitializePlatformSupportModulesInManaged (4ms)
				SetLoadedEditorAssemblies (0ms)
				RefreshPlugins (26ms)
				BeforeProcessingInitializeOnLoad (12ms)
				ProcessInitializeOnLoadAttributes (64ms)
				ProcessInitializeOnLoadMethodAttributes (22ms)
				AfterProcessingInitializeOnLoad (0ms)
				EditorAssembliesLoaded (0ms)
			ExecutionOrderSort2 (0ms)
			AwakeInstancesAfterBackupRestoration (0ms)
Platform modules already initialized, skipping
Registering precompiled user dll's ...
Registered in 0.002154 seconds.
Begin MonoManager ReloadAssembly
Native extension for WindowsStandalone target not found
Native extension for WebGL target not found
Refreshing native plugins compatible for Editor in 0.29 ms, found 2 plugins.
Preloading 0 native plugins for Editor in 0.00 ms.
Mono: successfully reloaded assembly
- Completed reload, in  0.773 seconds
Domain Reload Profiling:
	ReloadAssembly (774ms)
		BeginReloadAssembly (111ms)
			ExecutionOrderSort (0ms)
			DisableScriptedObjects (4ms)
			BackupInstance (0ms)
			ReleaseScriptingObjects (0ms)
			CreateAndSetChildDomain (13ms)
		EndReloadAssembly (614ms)
			LoadAssemblies (62ms)
			RebuildTransferFunctionScriptingTraits (0ms)
			SetupTypeCache (220ms)
			ReleaseScriptCaches (0ms)
			RebuildScriptCaches (31ms)
			SetupLoadedEditorAssemblies (225ms)
				LogAssemblyErrors (0ms)
				InitializePlatformSupportModulesInManaged (4ms)
				SetLoadedEditorAssemblies (0ms)
				RefreshPlugins (0ms)
				BeforeProcessingInitializeOnLoad (59ms)
				ProcessInitializeOnLoadAttributes (153ms)
				ProcessInitializeOnLoadMethodAttributes (3ms)
				AfterProcessingInitializeOnLoad (5ms)
				EditorAssembliesLoaded (0ms)
			ExecutionOrderSort2 (0ms)
			AwakeInstancesAfterBackupRestoration (5ms)
Platform modules already initialized, skipping
========================================================================
Worker process is ready to serve import requests
Launched and connected shader compiler UnityShaderCompiler.exe after 0.03 seconds
Refreshing native plugins compatible for Editor in 0.29 ms, found 2 plugins.
Preloading 0 native plugins for Editor in 0.00 ms.
Unloading 1404 Unused Serialized files (Serialized files now loaded: 0)
System memory in use before: 65.0 MB.
System memory in use after: 65.1 MB.

Unloading 16 unused Assets to reduce memory usage. Loaded Objects now: 1840.
Total: 2.467800 ms (FindLiveObjects: 0.130600 ms CreateObjectMapping: 0.029400 ms MarkObjects: 2.255100 ms  DeleteObjects: 0.051800 ms)

AssetImportParameters requested are different than current active one (requested -> active):
  custom:framework-win-MediaFoundation: 216162199b28c13a410421893ffa2e32 -> 
  custom:video-decoder-ogg-theora: a1e56fd34408186e4bbccfd4996cb3dc -> 
  custom:container-muxer-webm: aa71ff27fc2769a1b78a27578f13a17b -> 
  custom:container-demuxer-webm: 4f35f7cbe854078d1ac9338744f61a02 -> 
  custom:container-demuxer-ogg: 62fdf1f143b41e24485cea50d1cbac27 -> 
  custom:video-encoder-webm-vp8: eb34c28f22e8b96e1ab97ce403110664 -> 
  custom:video-codec-MediaFoundation-h265: 746d11721c4dcdbdad8f713fa42b33f4 -> 
  custom:video-decoder-webm-vp8: 9c59270c3fd7afecdb556c50c9e8de78 -> 
  custom:audio-decoder-ogg-vorbis: bf7c407c2cedff20999df2af8eb42d56 -> 
  custom:audio-encoder-webm-vorbis: bf7c407c2cedff20999df2af8eb42d56 -> 
========================================================================
Received Import Request.
  path: Assets/Scenes
  artifactKey: Guid(705b38bdd50a9814ba58b72fe4c34f22) Importer(815301076,1909f56bfc062723c751e8b465ee728b)
Start importing Assets/Scenes using Guid(705b38bdd50a9814ba58b72fe4c34f22) Importer(815301076,1909f56bfc062723c751e8b465ee728b)  -> (artifact id: 'a5e5adfe6abe9c9fd8f6c6f8b15add4b') in 0.006435 seconds 
  Import took 0.008266 seconds .

========================================================================
Received Import Request.
  Time since last request: 1.259666 seconds.
  path: Assets/Nature/FBX
  artifactKey: Guid(27e12067cf179b0429ecb01ff5e627c6) Importer(815301076,1909f56bfc062723c751e8b465ee728b)
Start importing Assets/Nature/FBX using Guid(27e12067cf179b0429ecb01ff5e627c6) Importer(815301076,1909f56bfc062723c751e8b465ee728b)  -> (artifact id: '2be068a9e64fb2461d79fa14bd156240') in 0.004644 seconds 
  Import took 0.006683 seconds .

========================================================================
Received Import Request.
  Time since last request: 0.047897 seconds.
  path: Assets/Nature/FBX/Bush.fbx
  artifactKey: Guid(ee3b4ee741be61b4f8ee2a0528831852) Importer(815301076,1909f56bfc062723c751e8b465ee728b)
Start importing Assets/Nature/FBX/Bush.fbx using Guid(ee3b4ee741be61b4f8ee2a0528831852) Importer(815301076,1909f56bfc062723c751e8b465ee728b)  -> (artifact id: '458b904d9e21f2ca5e71a6dcd4501f4e') in 0.099979 seconds 
  Import took 0.102047 seconds .

========================================================================
Received Import Request.
  Time since last request: 0.000134 seconds.
  path: Assets/Nature/FBX/RockPlatforms_Large.fbx
  artifactKey: Guid(6ac2218c5c30a07409517237922db824) Importer(815301076,1909f56bfc062723c751e8b465ee728b)
Start importing Assets/Nature/FBX/RockPlatforms_Large.fbx using Guid(6ac2218c5c30a07409517237922db824) Importer(815301076,1909f56bfc062723c751e8b465ee728b)  -> (artifact id: 'b916761f6676afe989bfe723c6e875ea') in 0.019784 seconds 
  Import took 0.021540 seconds .

========================================================================
Received Import Request.
  Time since last request: 0.000156 seconds.
  path: Assets/Nature/FBX/RockPlatforms_Medium.fbx
  artifactKey: Guid(1b6d06bb6899a7145a8f978378694b85) Importer(815301076,1909f56bfc062723c751e8b465ee728b)
Start importing Assets/Nature/FBX/RockPlatforms_Medium.fbx using Guid(1b6d06bb6899a7145a8f978378694b85) Importer(815301076,1909f56bfc062723c751e8b465ee728b)  -> (artifact id: 'cf011278111c5c3e3b73ef209377f43f') in 0.020552 seconds 
  Import took 0.022283 seconds .

========================================================================
Received Import Request.
  Time since last request: 0.000167 seconds.
  path: Assets/Nature/FBX/Tree_Fruit.fbx
  artifactKey: Guid(75d23716fd7bff84ea869eb3ba5532ad) Importer(815301076,1909f56bfc062723c751e8b465ee728b)
Start importing Assets/Nature/FBX/Tree_Fruit.fbx using Guid(75d23716fd7bff84ea869eb3ba5532ad) Importer(815301076,1909f56bfc062723c751e8b465ee728b)  -> (artifact id: 'cd7c15893e61068b2d874900d24736cb') in 0.029895 seconds 
  Import took 0.031961 seconds .

========================================================================
Received Import Request.
  Time since last request: 0.000180 seconds.
  path: Assets/Nature/FBX/RockPlatforms_1.fbx
  artifactKey: Guid(4416c417384bc3b419ecf62b6913e4fa) Importer(815301076,1909f56bfc062723c751e8b465ee728b)
Start importing Assets/Nature/FBX/RockPlatforms_1.fbx using Guid(4416c417384bc3b419ecf62b6913e4fa) Importer(815301076,1909f56bfc062723c751e8b465ee728b)  -> (artifact id: '6b1dbe97998ae87bd5287117b03a779c') in 0.020159 seconds 
  Import took 0.022091 seconds .

========================================================================
Received Import Request.
  Time since last request: 0.000147 seconds.
  path: Assets/Nature/FBX/Grass_3.fbx
  artifactKey: Guid(35f8ed2d0bd73a647afc09cba9819b67) Importer(815301076,1909f56bfc062723c751e8b465ee728b)
Start importing Assets/Nature/FBX/Grass_3.fbx using Guid(35f8ed2d0bd73a647afc09cba9819b67) Importer(815301076,1909f56bfc062723c751e8b465ee728b)  -> (artifact id: '3c51d848ca0627601e853cdefae6063e') in 0.020313 seconds 
  Import took 0.022058 seconds .

========================================================================
Received Import Request.
  Time since last request: 0.000158 seconds.
  path: Assets/Nature/FBX/Rock_2.fbx
  artifactKey: Guid(fda1352bf9f9fd248bdea3017e1d8d08) Importer(815301076,1909f56bfc062723c751e8b465ee728b)
Start importing Assets/Nature/FBX/Rock_2.fbx using Guid(fda1352bf9f9fd248bdea3017e1d8d08) Importer(815301076,1909f56bfc062723c751e8b465ee728b)  -> (artifact id: 'f22a9e0383cce0ec33d6d78bdd03c11e') in 0.019048 seconds 
  Import took 0.020798 seconds .

========================================================================
Received Import Request.
  Time since last request: 0.000180 seconds.
  path: Assets/Nature/FBX/Cloud_2.fbx
  artifactKey: Guid(17e1004c8dab148439209e484b2a380c) Importer(815301076,1909f56bfc062723c751e8b465ee728b)
Start importing Assets/Nature/FBX/Cloud_2.fbx using Guid(17e1004c8dab148439209e484b2a380c) Importer(815301076,1909f56bfc062723c751e8b465ee728b)  -> (artifact id: 'a128418e1c4ef76cb3aa0228972495b2') in 0.019047 seconds 
  Import took 0.021128 seconds .

========================================================================
Received Import Request.
  Time since last request: 0.000152 seconds.
  path: Assets/Nature/FBX/RockPlatform_Tall.fbx
  artifactKey: Guid(a425191819e12d749bef4939d5d796d6) Importer(815301076,1909f56bfc062723c751e8b465ee728b)
Start importing Assets/Nature/FBX/RockPlatform_Tall.fbx using Guid(a425191819e12d749bef4939d5d796d6) Importer(815301076,1909f56bfc062723c751e8b465ee728b)  -> (artifact id: '9629a93a3ad5e000ffdf8d9b27eff663') in 0.019329 seconds 
  Import took 0.021174 seconds .

========================================================================
Received Import Request.
  Time since last request: 0.000205 seconds.
  path: Assets/Nature/FBX/Grass_2.fbx
  artifactKey: Guid(437b472fa84141b4598f34559bc8479d) Importer(815301076,1909f56bfc062723c751e8b465ee728b)
Start importing Assets/Nature/FBX/Grass_2.fbx using Guid(437b472fa84141b4598f34559bc8479d) Importer(815301076,1909f56bfc062723c751e8b465ee728b)  -> (artifact id: '80d57d428f6eff71381769ac51d8f91c') in 0.018707 seconds 
  Import took 0.020713 seconds .

========================================================================
Received Import Request.
  Time since last request: 0.000153 seconds.
  path: Assets/Nature/FBX/RockPlatforms_2.fbx
  artifactKey: Guid(5954d03723e0d564382312bad3da6c7f) Importer(815301076,1909f56bfc062723c751e8b465ee728b)
Start importing Assets/Nature/FBX/RockPlatforms_2.fbx using Guid(5954d03723e0d564382312bad3da6c7f) Importer(815301076,1909f56bfc062723c751e8b465ee728b)  -> (artifact id: 'a224d052a09039c189e4eb9a9d92a677') in 0.018759 seconds 
  Import took 0.020671 seconds .

========================================================================
Received Import Request.
  Time since last request: 0.000198 seconds.
  path: Assets/Nature/FBX/Bush_Fruit.fbx
  artifactKey: Guid(3e14e7c4d89e1034cb8be1dc4d29df31) Importer(815301076,1909f56bfc062723c751e8b465ee728b)
Start importing Assets/Nature/FBX/Bush_Fruit.fbx using Guid(3e14e7c4d89e1034cb8be1dc4d29df31) Importer(815301076,1909f56bfc062723c751e8b465ee728b)  -> (artifact id: 'bfb72da4fc3406f70d3b1f0d62c219b7') in 0.023266 seconds 
  Import took 0.025241 seconds .

========================================================================
Received Import Request.
  Time since last request: 0.000178 seconds.
  path: Assets/Nature/FBX/Cloud_3.fbx
  artifactKey: Guid(f6ac01d34548f304881f4b9b75665c3a) Importer(815301076,1909f56bfc062723c751e8b465ee728b)
Start importing Assets/Nature/FBX/Cloud_3.fbx using Guid(f6ac01d34548f304881f4b9b75665c3a) Importer(815301076,1909f56bfc062723c751e8b465ee728b)  -> (artifact id: '73c4846ccd85cc72edf3c1dd55c7531d') in 0.019352 seconds 
  Import took 0.021664 seconds .

========================================================================
Received Import Request.
  Time since last request: 0.000173 seconds.
  path: Assets/Nature/FBX/Cloud_1.fbx
  artifactKey: Guid(cbdd4687df352184199a1048b089ddea) Importer(815301076,1909f56bfc062723c751e8b465ee728b)
Start importing Assets/Nature/FBX/Cloud_1.fbx using Guid(cbdd4687df352184199a1048b089ddea) Importer(815301076,1909f56bfc062723c751e8b465ee728b)  -> (artifact id: '41258b7e8d512cedbf0c4b42db44801e') in 0.027244 seconds 
  Import took 0.029098 seconds .

========================================================================
Received Import Request.
  Time since last request: 0.000163 seconds.
  path: Assets/Nature/FBX/Fruit.fbx
  artifactKey: Guid(fed6588d5bb9d9a4391be9e5a53f11ac) Importer(815301076,1909f56bfc062723c751e8b465ee728b)
Start importing Assets/Nature/FBX/Fruit.fbx using Guid(fed6588d5bb9d9a4391be9e5a53f11ac) Importer(815301076,1909f56bfc062723c751e8b465ee728b)  -> (artifact id: '39df3c8e58d677c8a0ef6404af5bc3c3') in 0.024062 seconds 
  Import took 0.026040 seconds .

========================================================================
Received Import Request.
  Time since last request: 0.000188 seconds.
  path: Assets/Nature/FBX/Rock_1.fbx
  artifactKey: Guid(c2dffb6136bb4d1449f29cd1a1f2373b) Importer(815301076,1909f56bfc062723c751e8b465ee728b)
Start importing Assets/Nature/FBX/Rock_1.fbx using Guid(c2dffb6136bb4d1449f29cd1a1f2373b) Importer(815301076,1909f56bfc062723c751e8b465ee728b)  -> (artifact id: '293c0a72bc1ab73048b2be6a3702a365') in 0.018855 seconds 
  Import took 0.021421 seconds .

========================================================================
Received Import Request.
  Time since last request: 0.000195 seconds.
  path: Assets/Nature/FBX/Tree.fbx
  artifactKey: Guid(adf6f2b34a7d7a840873709e1f5c64f7) Importer(815301076,1909f56bfc062723c751e8b465ee728b)
Start importing Assets/Nature/FBX/Tree.fbx using Guid(adf6f2b34a7d7a840873709e1f5c64f7) Importer(815301076,1909f56bfc062723c751e8b465ee728b)  -> (artifact id: '077f81049ef8551c5607e10b5a85a392') in 0.022838 seconds 
  Import took 0.025013 seconds .

========================================================================
Received Import Request.
  Time since last request: 0.000158 seconds.
  path: Assets/Nature/FBX/RockPlatforms_3.fbx
  artifactKey: Guid(dbb9e43824755b345b818474c81101a1) Importer(815301076,1909f56bfc062723c751e8b465ee728b)
Start importing Assets/Nature/FBX/RockPlatforms_3.fbx using Guid(dbb9e43824755b345b818474c81101a1) Importer(815301076,1909f56bfc062723c751e8b465ee728b)  -> (artifact id: 'e34961b348fef170da1d0f3d3ec8a808') in 0.018687 seconds 
  Import took 0.020496 seconds .

========================================================================
Received Import Request.
  Time since last request: 0.000151 seconds.
  path: Assets/Nature/FBX/Grass_1.fbx
  artifactKey: Guid(d7d0ea4ca69974c42a339c15661036b8) Importer(815301076,1909f56bfc062723c751e8b465ee728b)
Start importing Assets/Nature/FBX/Grass_1.fbx using Guid(d7d0ea4ca69974c42a339c15661036b8) Importer(815301076,1909f56bfc062723c751e8b465ee728b)  -> (artifact id: 'b36c475fb0d93d319259b995ca6360e6') in 0.017970 seconds 
  Import took 0.019783 seconds .

========================================================================
Received Import Request.
  Time since last request: 5.578174 seconds.
  path: Assets/Cubes/FBX
  artifactKey: Guid(ab214b78faa742d46a23aeecb3fe0c39) Importer(815301076,1909f56bfc062723c751e8b465ee728b)
Start importing Assets/Cubes/FBX using Guid(ab214b78faa742d46a23aeecb3fe0c39) Importer(815301076,1909f56bfc062723c751e8b465ee728b)  -> (artifact id: '888b89cb559d889a7b52eeee8c64026d') in 0.001600 seconds 
  Import took 0.003631 seconds .

========================================================================
Received Import Request.
  Time since last request: 0.006933 seconds.
  path: Assets/Cubes/FBX
  artifactKey: Guid(ab214b78faa742d46a23aeecb3fe0c39) Importer(815301076,1909f56bfc062723c751e8b465ee728b)
Start importing Assets/Cubes/FBX using Guid(ab214b78faa742d46a23aeecb3fe0c39) Importer(815301076,1909f56bfc062723c751e8b465ee728b)  -> (artifact id: '888b89cb559d889a7b52eeee8c64026d') in 0.001470 seconds 
  Import took 0.003341 seconds .

========================================================================
Received Import Request.
  Time since last request: 0.050579 seconds.
  path: Assets/Cubes/FBX/Cube_Bricks.fbx
  artifactKey: Guid(e4aec11c8a15ee7408a3a5dbaa9cb80b) Importer(815301076,1909f56bfc062723c751e8b465ee728b)
Start importing Assets/Cubes/FBX/Cube_Bricks.fbx using Guid(e4aec11c8a15ee7408a3a5dbaa9cb80b) Importer(815301076,1909f56bfc062723c751e8b465ee728b)  -> (artifact id: 'eb286bd6f1e9a5494a27095e02c2f223') in 0.031794 seconds 
  Import took 0.034150 seconds .

========================================================================
Received Import Request.
  Time since last request: 0.000148 seconds.
  path: Assets/Cubes/FBX/Cube_Grass_Single.fbx
  artifactKey: Guid(ade1a5cd963f16347a9c871e3832eb48) Importer(815301076,1909f56bfc062723c751e8b465ee728b)
Start importing Assets/Cubes/FBX/Cube_Grass_Single.fbx using Guid(ade1a5cd963f16347a9c871e3832eb48) Importer(815301076,1909f56bfc062723c751e8b465ee728b)  -> (artifact id: '567762d84ddcfc74295c94b1ebedb0fe') in 0.032460 seconds 
  Import took 0.034265 seconds .

========================================================================
Received Import Request.
  Time since last request: 0.000155 seconds.
  path: Assets/Cubes/FBX/Cube_Question.fbx
  artifactKey: Guid(cf8be75c97e916449bfdf00ecc19b102) Importer(815301076,1909f56bfc062723c751e8b465ee728b)
Start importing Assets/Cubes/FBX/Cube_Question.fbx using Guid(cf8be75c97e916449bfdf00ecc19b102) Importer(815301076,1909f56bfc062723c751e8b465ee728b)  -> (artifact id: '1125718ef166f84741efc8e89eca93d9') in 0.025631 seconds 
  Import took 0.027460 seconds .

========================================================================
Received Import Request.
  Time since last request: 0.000148 seconds.
  path: Assets/Cubes/FBX/Cube_Spikes.fbx
  artifactKey: Guid(2dc48b0e5ba5a834a870903495d8b277) Importer(815301076,1909f56bfc062723c751e8b465ee728b)
Start importing Assets/Cubes/FBX/Cube_Spikes.fbx using Guid(2dc48b0e5ba5a834a870903495d8b277) Importer(815301076,1909f56bfc062723c751e8b465ee728b)  -> (artifact id: 'fd38a303eede8da60a5e26efe0199f89') in 0.026983 seconds 
  Import took 0.028796 seconds .

========================================================================
Received Import Request.
  Time since last request: 0.000146 seconds.
  path: Assets/Cubes/FBX/Cube_Default.fbx
  artifactKey: Guid(29b4732b380fa394e9eeceeb1b828349) Importer(815301076,1909f56bfc062723c751e8b465ee728b)
Start importing Assets/Cubes/FBX/Cube_Default.fbx using Guid(29b4732b380fa394e9eeceeb1b828349) Importer(815301076,1909f56bfc062723c751e8b465ee728b)  -> (artifact id: '6fc814cc4cc4b5d1e4d67e3304ec6763') in 0.025415 seconds 
  Import took 0.027360 seconds .

========================================================================
Received Import Request.
  Time since last request: 0.000152 seconds.
  path: Assets/Cubes/FBX/Cube_Dirt_Single.fbx
  artifactKey: Guid(f94047b5402684f41bfb3f9c538a0ba4) Importer(815301076,1909f56bfc062723c751e8b465ee728b)
Start importing Assets/Cubes/FBX/Cube_Dirt_Single.fbx using Guid(f94047b5402684f41bfb3f9c538a0ba4) Importer(815301076,1909f56bfc062723c751e8b465ee728b)  -> (artifact id: 'e22ba71af54f5af6c71f40f51494dbd9') in 0.033349 seconds 
  Import took 0.035152 seconds .

========================================================================
Received Import Request.
  Time since last request: 0.000162 seconds.
  path: Assets/Cubes/FBX/Cube_Exclamation.fbx
  artifactKey: Guid(dc94b04cc8662a04b83e6fda8c4a29d8) Importer(815301076,1909f56bfc062723c751e8b465ee728b)
Start importing Assets/Cubes/FBX/Cube_Exclamation.fbx using Guid(dc94b04cc8662a04b83e6fda8c4a29d8) Importer(815301076,1909f56bfc062723c751e8b465ee728b)  -> (artifact id: '5816d6d060a491c1f55ad6f80812dd5a') in 0.027477 seconds 
  Import took 0.029313 seconds .

========================================================================
Received Import Request.
  Time since last request: 0.000167 seconds.
  path: Assets/Cubes/FBX/Cube_Crate.fbx
  artifactKey: Guid(6dc8b6955cd518a4dbc2f1fba625388c) Importer(815301076,1909f56bfc062723c751e8b465ee728b)
Start importing Assets/Cubes/FBX/Cube_Crate.fbx using Guid(6dc8b6955cd518a4dbc2f1fba625388c) Importer(815301076,1909f56bfc062723c751e8b465ee728b)  -> (artifact id: '0291d40c82b3a255c919aa3fb4acb1b9') in 0.028760 seconds 
  Import took 0.030860 seconds .

========================================================================
Received Import Request.
  Time since last request: 4.667709 seconds.
  path: Assets/Level Mechanics/FBX
  artifactKey: Guid(74b4683104913524aa1bf1aeb155641c) Importer(815301076,1909f56bfc062723c751e8b465ee728b)
Start importing Assets/Level Mechanics/FBX using Guid(74b4683104913524aa1bf1aeb155641c) Importer(815301076,1909f56bfc062723c751e8b465ee728b)  -> (artifact id: '073ef46e780d59bfb4b4dba371c3ffa7') in 0.001770 seconds 
  Import took 0.003797 seconds .

========================================================================
Received Import Request.
  Time since last request: 0.001636 seconds.
  path: Assets/Level Mechanics/FBX
  artifactKey: Guid(74b4683104913524aa1bf1aeb155641c) Importer(815301076,1909f56bfc062723c751e8b465ee728b)
Start importing Assets/Level Mechanics/FBX using Guid(74b4683104913524aa1bf1aeb155641c) Importer(815301076,1909f56bfc062723c751e8b465ee728b)  -> (artifact id: '073ef46e780d59bfb4b4dba371c3ffa7') in 0.001529 seconds 
  Import took 0.003374 seconds .

========================================================================
Received Import Request.
  Time since last request: 0.090197 seconds.
  path: Assets/Level Mechanics/FBX/Arrow.fbx
  artifactKey: Guid(783ec50c44c778049a913b7a888020c0) Importer(815301076,1909f56bfc062723c751e8b465ee728b)
Start importing Assets/Level Mechanics/FBX/Arrow.fbx using Guid(783ec50c44c778049a913b7a888020c0) Importer(815301076,1909f56bfc062723c751e8b465ee728b)  -> (artifact id: '2374617c13a4628ec21c3697c0cc04df') in 0.020958 seconds 
  Import took 0.022950 seconds .

========================================================================
Received Import Request.
  Time since last request: 0.000175 seconds.
  path: Assets/Level Mechanics/FBX/Fence_1.fbx
  artifactKey: Guid(dfb0e5199e9aba4469f37a2e69557a6e) Importer(815301076,1909f56bfc062723c751e8b465ee728b)
Start importing Assets/Level Mechanics/FBX/Fence_1.fbx using Guid(dfb0e5199e9aba4469f37a2e69557a6e) Importer(815301076,1909f56bfc062723c751e8b465ee728b)  -> (artifact id: 'ede216dbc58ea6c686ac7ec0c40a17f3') in 0.031098 seconds 
  Import took 0.033203 seconds .

========================================================================
Received Import Request.
  Time since last request: 0.000148 seconds.
  path: Assets/Level Mechanics/FBX/SpikyBall.fbx
  artifactKey: Guid(10f5a4b6a04442c4ab6a37cf432656f6) Importer(815301076,1909f56bfc062723c751e8b465ee728b)
Start importing Assets/Level Mechanics/FBX/SpikyBall.fbx using Guid(10f5a4b6a04442c4ab6a37cf432656f6) Importer(815301076,1909f56bfc062723c751e8b465ee728b)  -> (artifact id: 'cb8058ae2a0c21d1b0472327f9ced3ae') in 0.028262 seconds 
  Import took 0.030256 seconds .

========================================================================
Received Import Request.
  Time since last request: 0.000151 seconds.
  path: Assets/Level Mechanics/FBX/Arrow_Side.fbx
  artifactKey: Guid(1db560543403e4046b38670e33307571) Importer(815301076,1909f56bfc062723c751e8b465ee728b)
Start importing Assets/Level Mechanics/FBX/Arrow_Side.fbx using Guid(1db560543403e4046b38670e33307571) Importer(815301076,1909f56bfc062723c751e8b465ee728b)  -> (artifact id: 'ca12fd66f5638131580eae7c8434f52a') in 0.029617 seconds 
  Import took 0.031387 seconds .

========================================================================
Received Import Request.
  Time since last request: 0.000150 seconds.
  path: Assets/Level Mechanics/FBX/Stairs_Small.fbx
  artifactKey: Guid(26d252119c7587d4dacddd0b62de85f5) Importer(815301076,1909f56bfc062723c751e8b465ee728b)
Start importing Assets/Level Mechanics/FBX/Stairs_Small.fbx using Guid(26d252119c7587d4dacddd0b62de85f5) Importer(815301076,1909f56bfc062723c751e8b465ee728b)  -> (artifact id: 'aa94e1fe1c23f2c132658c535f0004e9') in 0.022096 seconds 
  Import took 0.023908 seconds .

========================================================================
Received Import Request.
  Time since last request: 0.000175 seconds.
  path: Assets/Level Mechanics/FBX/Door.fbx
  artifactKey: Guid(084eed602b753054887f23c2eda65b4c) Importer(815301076,1909f56bfc062723c751e8b465ee728b)
Start importing Assets/Level Mechanics/FBX/Door.fbx using Guid(084eed602b753054887f23c2eda65b4c) Importer(815301076,1909f56bfc062723c751e8b465ee728b)  -> (artifact id: 'c4999aad9af3066ba3db1a9e45671dc3') in 0.043046 seconds 
  Import took 0.044925 seconds .

========================================================================
Received Import Request.
  Time since last request: 0.000149 seconds.
  path: Assets/Level Mechanics/FBX/Numbers_3.fbx
  artifactKey: Guid(aa76a35fd51206545b5dd028295014b7) Importer(815301076,1909f56bfc062723c751e8b465ee728b)
Start importing Assets/Level Mechanics/FBX/Numbers_3.fbx using Guid(aa76a35fd51206545b5dd028295014b7) Importer(815301076,1909f56bfc062723c751e8b465ee728b)  -> (artifact id: '70ed0abd31aafa1c2bc14e5cb39960e4') in 0.021580 seconds 
  Import took 0.023322 seconds .

========================================================================
Received Import Request.
  Time since last request: 0.000148 seconds.
  path: Assets/Level Mechanics/FBX/Cannon.fbx
  artifactKey: Guid(357b4ecf26215d34bb32c4139abd518f) Importer(815301076,1909f56bfc062723c751e8b465ee728b)
Start importing Assets/Level Mechanics/FBX/Cannon.fbx using Guid(357b4ecf26215d34bb32c4139abd518f) Importer(815301076,1909f56bfc062723c751e8b465ee728b)  -> (artifact id: 'e79c5b7da82d03bc06dda85efecf9dcd') in 0.054037 seconds 
  Import took 0.055876 seconds .

========================================================================
Received Import Request.
  Time since last request: 0.000157 seconds.
  path: Assets/Level Mechanics/FBX/Stairs_Modular_Middle.fbx
  artifactKey: Guid(26bea4fff60d3d24da2df94fd8f6b0b2) Importer(815301076,1909f56bfc062723c751e8b465ee728b)
Start importing Assets/Level Mechanics/FBX/Stairs_Modular_Middle.fbx using Guid(26bea4fff60d3d24da2df94fd8f6b0b2) Importer(815301076,1909f56bfc062723c751e8b465ee728b)  -> (artifact id: '539676592fffed0fc378ac6281d806ed') in 0.020136 seconds 
  Import took 0.021911 seconds .

========================================================================
Received Import Request.
  Time since last request: 0.000185 seconds.
  path: Assets/Level Mechanics/FBX/Pipe_Straight.fbx
  artifactKey: Guid(82dcfeaaf9b05e346b30c911d7e628a8) Importer(815301076,1909f56bfc062723c751e8b465ee728b)
Start importing Assets/Level Mechanics/FBX/Pipe_Straight.fbx using Guid(82dcfeaaf9b05e346b30c911d7e628a8) Importer(815301076,1909f56bfc062723c751e8b465ee728b)  -> (artifact id: '3915c12a540f0b6f12cab84526b239c3') in 0.023188 seconds 
  Import took 0.025328 seconds .

========================================================================
Received Import Request.
  Time since last request: 0.000149 seconds.
  path: Assets/Level Mechanics/FBX/Numbers_7.fbx
  artifactKey: Guid(7ec36ea914697ab4ea2cd6a811fe060d) Importer(815301076,1909f56bfc062723c751e8b465ee728b)
Start importing Assets/Level Mechanics/FBX/Numbers_7.fbx using Guid(7ec36ea914697ab4ea2cd6a811fe060d) Importer(815301076,1909f56bfc062723c751e8b465ee728b)  -> (artifact id: '0f14f709a4e83293a6aafccbfe653c70') in 0.018268 seconds 
  Import took 0.020035 seconds .

========================================================================
Received Import Request.
  Time since last request: 0.000194 seconds.
  path: Assets/Level Mechanics/FBX/Lever.fbx
  artifactKey: Guid(fac8fa0c3c5b81d4888acac5a1201e85) Importer(815301076,1909f56bfc062723c751e8b465ee728b)
Start importing Assets/Level Mechanics/FBX/Lever.fbx using Guid(fac8fa0c3c5b81d4888acac5a1201e85) Importer(815301076,1909f56bfc062723c751e8b465ee728b)  -> (artifact id: '0f3ff86fbeb6cf3198f63da6209cd737') in 0.039052 seconds 
  Import took 0.041215 seconds .

========================================================================
Received Import Request.
  Time since last request: 0.000169 seconds.
  path: Assets/Level Mechanics/FBX/Numbers_8.fbx
  artifactKey: Guid(77924266557c82b428f283714299f752) Importer(815301076,1909f56bfc062723c751e8b465ee728b)
Start importing Assets/Level Mechanics/FBX/Numbers_8.fbx using Guid(77924266557c82b428f283714299f752) Importer(815301076,1909f56bfc062723c751e8b465ee728b)  -> (artifact id: 'a3adb29b7b391949cebecbc21181a48d') in 0.018234 seconds 
  Import took 0.020294 seconds .

========================================================================
Received Import Request.
  Time since last request: 0.000190 seconds.
  path: Assets/Level Mechanics/FBX/Numbers_9.fbx
  artifactKey: Guid(eb697482cfb83ca43b6b783b8c153df8) Importer(815301076,1909f56bfc062723c751e8b465ee728b)
Start importing Assets/Level Mechanics/FBX/Numbers_9.fbx using Guid(eb697482cfb83ca43b6b783b8c153df8) Importer(815301076,1909f56bfc062723c751e8b465ee728b)  -> (artifact id: '1acf655862985e74bd7d132053fc10aa') in 0.018633 seconds 
  Import took 0.020452 seconds .

========================================================================
Received Import Request.
  Time since last request: 0.000192 seconds.
  path: Assets/Level Mechanics/FBX/Fence_Corner.fbx
  artifactKey: Guid(838b55e02b6d5594b96b2375f60adbe7) Importer(815301076,1909f56bfc062723c751e8b465ee728b)
Start importing Assets/Level Mechanics/FBX/Fence_Corner.fbx using Guid(838b55e02b6d5594b96b2375f60adbe7) Importer(815301076,1909f56bfc062723c751e8b465ee728b)  -> (artifact id: '391adbaa84ad04f9c650c972500c4c9d') in 0.021076 seconds 
  Import took 0.023380 seconds .

========================================================================
Received Import Request.
  Time since last request: 0.000151 seconds.
  path: Assets/Level Mechanics/FBX/Numbers_6.fbx
  artifactKey: Guid(2596cc78cf075624fa5d1d9ce73dfb12) Importer(815301076,1909f56bfc062723c751e8b465ee728b)
Start importing Assets/Level Mechanics/FBX/Numbers_6.fbx using Guid(2596cc78cf075624fa5d1d9ce73dfb12) Importer(815301076,1909f56bfc062723c751e8b465ee728b)  -> (artifact id: '5f2185ae2353ec58410a3485f4c620d3') in 0.018695 seconds 
  Import took 0.020477 seconds .

========================================================================
Received Import Request.
  Time since last request: 0.000189 seconds.
  path: Assets/Level Mechanics/FBX/Fence_Middle.fbx
  artifactKey: Guid(3c243b8ab90cd3246b36c7e8a22672f3) Importer(815301076,1909f56bfc062723c751e8b465ee728b)
Start importing Assets/Level Mechanics/FBX/Fence_Middle.fbx using Guid(3c243b8ab90cd3246b36c7e8a22672f3) Importer(815301076,1909f56bfc062723c751e8b465ee728b)  -> (artifact id: '48ff9a8f5b55855a299092b96b6119f6') in 0.021215 seconds 
  Import took 0.023332 seconds .

========================================================================
Received Import Request.
  Time since last request: 0.000142 seconds.
  path: Assets/Level Mechanics/FBX/Numbers_1.fbx
  artifactKey: Guid(7eb2873efe4c01f498c64cc30f53e1d2) Importer(815301076,1909f56bfc062723c751e8b465ee728b)
Start importing Assets/Level Mechanics/FBX/Numbers_1.fbx using Guid(7eb2873efe4c01f498c64cc30f53e1d2) Importer(815301076,1909f56bfc062723c751e8b465ee728b)  -> (artifact id: 'b80a2101379c4d3fd83a847288f0261c') in 0.018209 seconds 
  Import took 0.019951 seconds .

========================================================================
Received Import Request.
  Time since last request: 0.000149 seconds.
  path: Assets/Level Mechanics/FBX/Bridge_Modular_Center.fbx
  artifactKey: Guid(5326b8ff372be7c4289c7e5322035ae2) Importer(815301076,1909f56bfc062723c751e8b465ee728b)
Start importing Assets/Level Mechanics/FBX/Bridge_Modular_Center.fbx using Guid(5326b8ff372be7c4289c7e5322035ae2) Importer(815301076,1909f56bfc062723c751e8b465ee728b)  -> (artifact id: '2eb04a957770f6fa457862461a881d22') in 0.019382 seconds 
  Import took 0.021333 seconds .

========================================================================
Received Import Request.
  Time since last request: 0.000148 seconds.
  path: Assets/Level Mechanics/FBX/Cannonball.fbx
  artifactKey: Guid(7fbb4fbc4a4e01546853b7029fdd26df) Importer(815301076,1909f56bfc062723c751e8b465ee728b)
Start importing Assets/Level Mechanics/FBX/Cannonball.fbx using Guid(7fbb4fbc4a4e01546853b7029fdd26df) Importer(815301076,1909f56bfc062723c751e8b465ee728b)  -> (artifact id: 'a0122823e7fb5d81d03b75feedce2afb') in 0.018509 seconds 
  Import took 0.020257 seconds .

========================================================================
Received Import Request.
  Time since last request: 0.000186 seconds.
  path: Assets/Level Mechanics/FBX/Numbers_2.fbx
  artifactKey: Guid(bee45935892563d47a02cf80fa517917) Importer(815301076,1909f56bfc062723c751e8b465ee728b)
Start importing Assets/Level Mechanics/FBX/Numbers_2.fbx using Guid(bee45935892563d47a02cf80fa517917) Importer(815301076,1909f56bfc062723c751e8b465ee728b)  -> (artifact id: 'b8dfe4aaca33f7fcacfbe115ba8c9515') in 0.018340 seconds 
  Import took 0.020663 seconds .

========================================================================
Received Import Request.
  Time since last request: 0.000144 seconds.
  path: Assets/Level Mechanics/FBX/Hazard_Cylinder.fbx
  artifactKey: Guid(45dc3977531352d41a2e248712f75b21) Importer(815301076,1909f56bfc062723c751e8b465ee728b)
Start importing Assets/Level Mechanics/FBX/Hazard_Cylinder.fbx using Guid(45dc3977531352d41a2e248712f75b21) Importer(815301076,1909f56bfc062723c751e8b465ee728b)  -> (artifact id: '25dbd091873fc53c649618b1a94b82c3') in 0.024009 seconds 
  Import took 0.025835 seconds .

========================================================================
Received Import Request.
  Time since last request: 0.000162 seconds.
  path: Assets/Level Mechanics/FBX/Plant_Large.fbx
  artifactKey: Guid(0e61525d1c2bb6e43b2f1beaadd40918) Importer(815301076,1909f56bfc062723c751e8b465ee728b)
Start importing Assets/Level Mechanics/FBX/Plant_Large.fbx using Guid(0e61525d1c2bb6e43b2f1beaadd40918) Importer(815301076,1909f56bfc062723c751e8b465ee728b)  -> (artifact id: 'd8bd3ce6d50adad9b67646880a979b53') in 0.020861 seconds 
  Import took 0.023335 seconds .

========================================================================
Received Import Request.
  Time since last request: 0.000185 seconds.
  path: Assets/Level Mechanics/FBX/Numbers_4.fbx
  artifactKey: Guid(07cf19122c39832428a274a669c7326e) Importer(815301076,1909f56bfc062723c751e8b465ee728b)
Start importing Assets/Level Mechanics/FBX/Numbers_4.fbx using Guid(07cf19122c39832428a274a669c7326e) Importer(815301076,1909f56bfc062723c751e8b465ee728b)  -> (artifact id: '984c554fd91f8e1b8c187cd4838e7421') in 0.018461 seconds 
  Import took 0.020556 seconds .

========================================================================
Received Import Request.
  Time since last request: 0.000154 seconds.
  path: Assets/Level Mechanics/FBX/Pipe_90.fbx
  artifactKey: Guid(ac3c8f400cc38e74d89c08713b1f6a8c) Importer(815301076,1909f56bfc062723c751e8b465ee728b)
Start importing Assets/Level Mechanics/FBX/Pipe_90.fbx using Guid(ac3c8f400cc38e74d89c08713b1f6a8c) Importer(815301076,1909f56bfc062723c751e8b465ee728b)  -> (artifact id: 'a84a34d66019b7e5d5c045093ec89e32') in 0.018416 seconds 
  Import took 0.020164 seconds .

========================================================================
Received Import Request.
  Time since last request: 0.000196 seconds.
  path: Assets/Level Mechanics/FBX/Hazard_SpikeTrap.fbx
  artifactKey: Guid(72cb4d00c1f5f2049a824cef66219878) Importer(815301076,1909f56bfc062723c751e8b465ee728b)
Start importing Assets/Level Mechanics/FBX/Hazard_SpikeTrap.fbx using Guid(72cb4d00c1f5f2049a824cef66219878) Importer(815301076,1909f56bfc062723c751e8b465ee728b)  -> (artifact id: '76ab1b9f8445e158beb191ef3b8b3e71') in 0.024680 seconds 
  Import took 0.026956 seconds .

========================================================================
Received Import Request.
  Time since last request: 0.000179 seconds.
  path: Assets/Level Mechanics/FBX/Bouncer.fbx
  artifactKey: Guid(14db39fb431d94447acb0c9e3dcbbe37) Importer(815301076,1909f56bfc062723c751e8b465ee728b)
Start importing Assets/Level Mechanics/FBX/Bouncer.fbx using Guid(14db39fb431d94447acb0c9e3dcbbe37) Importer(815301076,1909f56bfc062723c751e8b465ee728b)  -> (artifact id: '02cf6c7a4137f58b3144f52fd48a08ea') in 0.037610 seconds 
  Import took 0.039593 seconds .

========================================================================
Received Import Request.
  Time since last request: 0.000166 seconds.
  path: Assets/Level Mechanics/FBX/Stairs_Modular_Start.fbx
  artifactKey: Guid(4b699e1d48605894fb71ee250a66f14a) Importer(815301076,1909f56bfc062723c751e8b465ee728b)
Start importing Assets/Level Mechanics/FBX/Stairs_Modular_Start.fbx using Guid(4b699e1d48605894fb71ee250a66f14a) Importer(815301076,1909f56bfc062723c751e8b465ee728b)  -> (artifact id: '1b05a881ba92238743b5102fda8fa921') in 0.018908 seconds 
  Import took 0.020742 seconds .

========================================================================
Received Import Request.
  Time since last request: 0.000227 seconds.
  path: Assets/Level Mechanics/FBX/Bomb.fbx
  artifactKey: Guid(6f02b075a3a24884582ce8bae0667a37) Importer(815301076,1909f56bfc062723c751e8b465ee728b)
Start importing Assets/Level Mechanics/FBX/Bomb.fbx using Guid(6f02b075a3a24884582ce8bae0667a37) Importer(815301076,1909f56bfc062723c751e8b465ee728b)  -> (artifact id: '3d6f9c028b506665d644e1118dd2d54f') in 0.027100 seconds 
  Import took 0.029214 seconds .

========================================================================
Received Import Request.
  Time since last request: 0.000155 seconds.
  path: Assets/Level Mechanics/FBX/Pipe_T.fbx
  artifactKey: Guid(ac4ea96eb1fb1c748bdd59b8db0cf4d1) Importer(815301076,1909f56bfc062723c751e8b465ee728b)
Start importing Assets/Level Mechanics/FBX/Pipe_T.fbx using Guid(ac4ea96eb1fb1c748bdd59b8db0cf4d1) Importer(815301076,1909f56bfc062723c751e8b465ee728b)  -> (artifact id: 'ff093b66195afdb38d65402e2fb3fdff') in 0.019204 seconds 
  Import took 0.021007 seconds .

========================================================================
Received Import Request.
  Time since last request: 0.000178 seconds.
  path: Assets/Level Mechanics/FBX/Pipe_End.fbx
  artifactKey: Guid(2ca1bae98b1791b4a8951dd1e33a15d8) Importer(815301076,1909f56bfc062723c751e8b465ee728b)
Start importing Assets/Level Mechanics/FBX/Pipe_End.fbx using Guid(2ca1bae98b1791b4a8951dd1e33a15d8) Importer(815301076,1909f56bfc062723c751e8b465ee728b)  -> (artifact id: '349bbae9b071f81c9ca0ea8e1b019ae4') in 0.021624 seconds 
  Import took 0.024044 seconds .

========================================================================
Received Import Request.
  Time since last request: 0.000156 seconds.
  path: Assets/Level Mechanics/FBX/Goal_Flag.fbx
  artifactKey: Guid(41fdf7bd6f556e448b1b6f2e594b089a) Importer(815301076,1909f56bfc062723c751e8b465ee728b)
Start importing Assets/Level Mechanics/FBX/Goal_Flag.fbx using Guid(41fdf7bd6f556e448b1b6f2e594b089a) Importer(815301076,1909f56bfc062723c751e8b465ee728b)  -> (artifact id: '391c8c0219f09fcad76a8884871bf9b2') in 0.022776 seconds 
  Import took 0.024569 seconds .

========================================================================
Received Import Request.
  Time since last request: 0.000156 seconds.
  path: Assets/Level Mechanics/FBX/Plant_Small.fbx
  artifactKey: Guid(1e09e181e3e825c4c9ed68cca708dec3) Importer(815301076,1909f56bfc062723c751e8b465ee728b)
Start importing Assets/Level Mechanics/FBX/Plant_Small.fbx using Guid(1e09e181e3e825c4c9ed68cca708dec3) Importer(815301076,1909f56bfc062723c751e8b465ee728b)  -> (artifact id: '2bf22d42b91332990c0848026c9e5089') in 0.018087 seconds 
  Import took 0.019888 seconds .

========================================================================
Received Import Request.
  Time since last request: 0.000179 seconds.
  path: Assets/Level Mechanics/FBX/Hazard_Saw.fbx
  artifactKey: Guid(af6a7c6ce524c1e4c9fab440bfc6f3ca) Importer(815301076,1909f56bfc062723c751e8b465ee728b)
Start importing Assets/Level Mechanics/FBX/Hazard_Saw.fbx using Guid(af6a7c6ce524c1e4c9fab440bfc6f3ca) Importer(815301076,1909f56bfc062723c751e8b465ee728b)  -> (artifact id: '732e92abf02950b036c6bae2259f8cfd') in 0.017889 seconds 
  Import took 0.019978 seconds .

========================================================================
Received Import Request.
  Time since last request: 0.000151 seconds.
  path: Assets/Level Mechanics/FBX/Tower.fbx
  artifactKey: Guid(6f55c5c5806a31e429e158d8f7182e01) Importer(815301076,1909f56bfc062723c751e8b465ee728b)
Start importing Assets/Level Mechanics/FBX/Tower.fbx using Guid(6f55c5c5806a31e429e158d8f7182e01) Importer(815301076,1909f56bfc062723c751e8b465ee728b)  -> (artifact id: '44735d4e9ec363364813a44e0b490b65') in 0.048052 seconds 
  Import took 0.049882 seconds .

========================================================================
Received Import Request.
  Time since last request: 0.000151 seconds.
  path: Assets/Level Mechanics/FBX/Numbers_5.fbx
  artifactKey: Guid(e5532da086a5b99409f756d8ded2490d) Importer(815301076,1909f56bfc062723c751e8b465ee728b)
Start importing Assets/Level Mechanics/FBX/Numbers_5.fbx using Guid(e5532da086a5b99409f756d8ded2490d) Importer(815301076,1909f56bfc062723c751e8b465ee728b)  -> (artifact id: '5739c4f3ebb54880212fe1aa94cb968b') in 0.018681 seconds 
  Import took 0.020562 seconds .

========================================================================
Received Import Request.
  Time since last request: 0.000157 seconds.
  path: Assets/Level Mechanics/FBX/Bridge_Modular.fbx
  artifactKey: Guid(20e50099b3ab1434e9270710b4767b29) Importer(815301076,1909f56bfc062723c751e8b465ee728b)
Start importing Assets/Level Mechanics/FBX/Bridge_Modular.fbx using Guid(20e50099b3ab1434e9270710b4767b29) Importer(815301076,1909f56bfc062723c751e8b465ee728b)  -> (artifact id: '445329cfc17ec4ba451bde3ac5ec753d') in 0.020397 seconds 
  Import took 0.022231 seconds .

========================================================================
Received Import Request.
  Time since last request: 0.000149 seconds.
  path: Assets/Level Mechanics/FBX/Chest.fbx
  artifactKey: Guid(97313d2ebe15960459bf388aa1f08a7b) Importer(815301076,1909f56bfc062723c751e8b465ee728b)
Start importing Assets/Level Mechanics/FBX/Chest.fbx using Guid(97313d2ebe15960459bf388aa1f08a7b) Importer(815301076,1909f56bfc062723c751e8b465ee728b)  -> (artifact id: '22a8b1bc2dca245559b1962c30544a54') in 0.046262 seconds 
  Import took 0.048134 seconds .

========================================================================
Received Import Request.
  Time since last request: 0.000198 seconds.
  path: Assets/Level Mechanics/FBX/Bridge_Small.fbx
  artifactKey: Guid(f0339e44686b1ef49a8d64ebbbf7d322) Importer(815301076,1909f56bfc062723c751e8b465ee728b)
Start importing Assets/Level Mechanics/FBX/Bridge_Small.fbx using Guid(f0339e44686b1ef49a8d64ebbbf7d322) Importer(815301076,1909f56bfc062723c751e8b465ee728b)  -> (artifact id: '6a95a6155ddd97b84443623e42ef5883') in 0.021970 seconds 
  Import took 0.024068 seconds .

========================================================================
Received Import Request.
  Time since last request: 0.000438 seconds.
  path: Assets/Level Mechanics/FBX/Numbers_0.fbx
  artifactKey: Guid(0eeb4f69f18bba243a18271df9a5aa06) Importer(815301076,1909f56bfc062723c751e8b465ee728b)
Start importing Assets/Level Mechanics/FBX/Numbers_0.fbx using Guid(0eeb4f69f18bba243a18271df9a5aa06) Importer(815301076,1909f56bfc062723c751e8b465ee728b)  -> (artifact id: '3e4cfb74184326ac8b9181e9f8ead866') in 0.018296 seconds 
  Import took 0.020230 seconds .

========================================================================
Received Import Request.
  Time since last request: 0.000187 seconds.
  path: Assets/Level Mechanics/FBX/Stairs.fbx
  artifactKey: Guid(7373a030220c4b04a9e1435d95abdca7) Importer(815301076,1909f56bfc062723c751e8b465ee728b)
Start importing Assets/Level Mechanics/FBX/Stairs.fbx using Guid(7373a030220c4b04a9e1435d95abdca7) Importer(815301076,1909f56bfc062723c751e8b465ee728b)  -> (artifact id: '216568f7c61877d5301e546071527a4e') in 0.022838 seconds 
  Import took 0.024960 seconds .

========================================================================
Received Import Request.
  Time since last request: 0.000151 seconds.
  path: Assets/Level Mechanics/FBX/Spikes.fbx
  artifactKey: Guid(d76cf4eec794ab141a091fe89b881f04) Importer(815301076,1909f56bfc062723c751e8b465ee728b)
Start importing Assets/Level Mechanics/FBX/Spikes.fbx using Guid(d76cf4eec794ab141a091fe89b881f04) Importer(815301076,1909f56bfc062723c751e8b465ee728b)  -> (artifact id: '2d4032d8c4844bead4df0994cef89480') in 0.021910 seconds 
  Import took 0.023747 seconds .

========================================================================
Received Import Request.
  Time since last request: 0.000158 seconds.
  path: Assets/Level Mechanics/FBX/Stairs_Modular_End.fbx
  artifactKey: Guid(a1cfaef7fc85b384bbdba8782bcf5e11) Importer(815301076,1909f56bfc062723c751e8b465ee728b)
Start importing Assets/Level Mechanics/FBX/Stairs_Modular_End.fbx using Guid(a1cfaef7fc85b384bbdba8782bcf5e11) Importer(815301076,1909f56bfc062723c751e8b465ee728b)  -> (artifact id: '5c0ef62316856e14c9774abece256309') in 0.018314 seconds 
  Import took 0.020348 seconds .

========================================================================
Received Import Request.
  Time since last request: 0.000161 seconds.
  path: Assets/Level Mechanics/FBX/Arrow_Up.fbx
  artifactKey: Guid(11cd77ed3a458de4da03186367594017) Importer(815301076,1909f56bfc062723c751e8b465ee728b)
Start importing Assets/Level Mechanics/FBX/Arrow_Up.fbx using Guid(11cd77ed3a458de4da03186367594017) Importer(815301076,1909f56bfc062723c751e8b465ee728b)  -> (artifact id: '0becdf440dfb60b06a12a6b6805ab09a') in 0.020604 seconds 
  Import took 0.022459 seconds .

========================================================================
Received Import Request.
  Time since last request: 4.756747 seconds.
  path: Assets/Modular Platforms/FBX
  artifactKey: Guid(2da38b05e908c154c89e1390d1e21776) Importer(815301076,1909f56bfc062723c751e8b465ee728b)
Start importing Assets/Modular Platforms/FBX using Guid(2da38b05e908c154c89e1390d1e21776) Importer(815301076,1909f56bfc062723c751e8b465ee728b)  -> (artifact id: '08c37b7729ac040fc06a4203c8dbbd20') in 0.001688 seconds 
  Import took 0.003725 seconds .

========================================================================
Received Import Request.
  Time since last request: 0.005005 seconds.
  path: Assets/Modular Platforms/FBX
  artifactKey: Guid(2da38b05e908c154c89e1390d1e21776) Importer(815301076,1909f56bfc062723c751e8b465ee728b)
Start importing Assets/Modular Platforms/FBX using Guid(2da38b05e908c154c89e1390d1e21776) Importer(815301076,1909f56bfc062723c751e8b465ee728b)  -> (artifact id: '08c37b7729ac040fc06a4203c8dbbd20') in 0.001463 seconds 
  Import took 0.003309 seconds .

========================================================================
Received Import Request.
  Time since last request: 0.055160 seconds.
  path: Assets/Modular Platforms/FBX/Cube_Dirt_Center_Tall.fbx
  artifactKey: Guid(0f89ca1066ca1a048b068906140ce3eb) Importer(815301076,1909f56bfc062723c751e8b465ee728b)
Start importing Assets/Modular Platforms/FBX/Cube_Dirt_Center_Tall.fbx using Guid(0f89ca1066ca1a048b068906140ce3eb) Importer(815301076,1909f56bfc062723c751e8b465ee728b)  -> (artifact id: 'b640a246b5d02db2006e0e3b24ffe1f7') in 0.019347 seconds 
  Import took 0.021543 seconds .

========================================================================
Received Import Request.
  Time since last request: 0.000154 seconds.
  path: Assets/Modular Platforms/FBX/Cube_Grass_CornerBottom_Tall.fbx
  artifactKey: Guid(5cf26287c7d786245abbcd304bf06946) Importer(815301076,1909f56bfc062723c751e8b465ee728b)
Start importing Assets/Modular Platforms/FBX/Cube_Grass_CornerBottom_Tall.fbx using Guid(5cf26287c7d786245abbcd304bf06946) Importer(815301076,1909f56bfc062723c751e8b465ee728b)  -> (artifact id: '5cf32ccffb2e9e63e93bba77be54bafd') in 0.034081 seconds 
  Import took 0.035903 seconds .

========================================================================
Received Import Request.
  Time since last request: 0.000171 seconds.
  path: Assets/Modular Platforms/FBX/Cube_Grass_SideCenter_Tall.fbx
  artifactKey: Guid(337974c525df8bc49a95a7afb120cd4d) Importer(815301076,1909f56bfc062723c751e8b465ee728b)
Start importing Assets/Modular Platforms/FBX/Cube_Grass_SideCenter_Tall.fbx using Guid(337974c525df8bc49a95a7afb120cd4d) Importer(815301076,1909f56bfc062723c751e8b465ee728b)  -> (artifact id: 'db54b4d2587f8ce900ca999177a0fdce') in 0.035346 seconds 
  Import took 0.037488 seconds .

========================================================================
Received Import Request.
  Time since last request: 0.000179 seconds.
  path: Assets/Modular Platforms/FBX/Cube_Dirt_Corner_Tall.fbx
  artifactKey: Guid(f4ff15424dbc7b349bb2a454974d2bd0) Importer(815301076,1909f56bfc062723c751e8b465ee728b)
Start importing Assets/Modular Platforms/FBX/Cube_Dirt_Corner_Tall.fbx using Guid(f4ff15424dbc7b349bb2a454974d2bd0) Importer(815301076,1909f56bfc062723c751e8b465ee728b)  -> (artifact id: '6c88190899f5182e8a5b67a191e210cc') in 0.027252 seconds 
  Import took 0.029125 seconds .

========================================================================
Received Import Request.
  Time since last request: 0.000142 seconds.
  path: Assets/Modular Platforms/FBX/Cube_Dirt_Side_Tall.fbx
  artifactKey: Guid(eb6cd83bd36c0044dbde80647805a4c6) Importer(815301076,1909f56bfc062723c751e8b465ee728b)
Start importing Assets/Modular Platforms/FBX/Cube_Dirt_Side_Tall.fbx using Guid(eb6cd83bd36c0044dbde80647805a4c6) Importer(815301076,1909f56bfc062723c751e8b465ee728b)  -> (artifact id: '06775d054790bfe3728fd4986c9405e5') in 0.033656 seconds 
  Import took 0.035508 seconds .

========================================================================
Received Import Request.
  Time since last request: 0.000150 seconds.
  path: Assets/Modular Platforms/FBX/Cube_Grass_CornerCenter_Tall.fbx
  artifactKey: Guid(529c294f495fc0246bf8138b1998364f) Importer(815301076,1909f56bfc062723c751e8b465ee728b)
Start importing Assets/Modular Platforms/FBX/Cube_Grass_CornerCenter_Tall.fbx using Guid(529c294f495fc0246bf8138b1998364f) Importer(815301076,1909f56bfc062723c751e8b465ee728b)  -> (artifact id: '692580712150fb65bc6d990235d23653') in 0.027087 seconds 
  Import took 0.028869 seconds .

========================================================================
Received Import Request.
  Time since last request: 0.000147 seconds.
  path: Assets/Modular Platforms/FBX/Cube_Grass_Bottom_Tall.fbx
  artifactKey: Guid(3b0be934f1eead347a0e7bc7b3c323c2) Importer(815301076,1909f56bfc062723c751e8b465ee728b)
Start importing Assets/Modular Platforms/FBX/Cube_Grass_Bottom_Tall.fbx using Guid(3b0be934f1eead347a0e7bc7b3c323c2) Importer(815301076,1909f56bfc062723c751e8b465ee728b)  -> (artifact id: '74cdac4022ada05889dbe5638c0e64a0') in 0.020235 seconds 
  Import took 0.022041 seconds .

========================================================================
Received Import Request.
  Time since last request: 0.000179 seconds.
  path: Assets/Modular Platforms/FBX/Cube_Grass_Center_Tall.fbx
  artifactKey: Guid(34e8e611512529442bc135f8edf1c6e0) Importer(815301076,1909f56bfc062723c751e8b465ee728b)
Start importing Assets/Modular Platforms/FBX/Cube_Grass_Center_Tall.fbx using Guid(34e8e611512529442bc135f8edf1c6e0) Importer(815301076,1909f56bfc062723c751e8b465ee728b)  -> (artifact id: '81df36cca4bbd63e59b6f5448eba6106') in 0.019075 seconds 
  Import took 0.021180 seconds .

========================================================================
Received Import Request.
  Time since last request: 0.000151 seconds.
  path: Assets/Modular Platforms/FBX/Cube_Grass_Corner_Tall.fbx
  artifactKey: Guid(0abb2207d03fef24ebd25af8961761e8) Importer(815301076,1909f56bfc062723c751e8b465ee728b)
Start importing Assets/Modular Platforms/FBX/Cube_Grass_Corner_Tall.fbx using Guid(0abb2207d03fef24ebd25af8961761e8) Importer(815301076,1909f56bfc062723c751e8b465ee728b)  -> (artifact id: '39642ad5253cb26759fc87427acb670d') in 0.037638 seconds 
  Import took 0.039467 seconds .

========================================================================
Received Import Request.
  Time since last request: 0.000149 seconds.
  path: Assets/Modular Platforms/FBX/Cube_Grass_Side_Tall.fbx
  artifactKey: Guid(2021cd4d934265940b892b31803c4c30) Importer(815301076,1909f56bfc062723c751e8b465ee728b)
Start importing Assets/Modular Platforms/FBX/Cube_Grass_Side_Tall.fbx using Guid(2021cd4d934265940b892b31803c4c30) Importer(815301076,1909f56bfc062723c751e8b465ee728b)  -> (artifact id: '28286ab926a2990390d1e34b52e53fc0') in 0.037430 seconds 
  Import took 0.039241 seconds .

========================================================================
Received Import Request.
  Time since last request: 0.000179 seconds.
  path: Assets/Modular Platforms/FBX/Cube_Grass_SideBottom_Tall.fbx
  artifactKey: Guid(06df9624fac153146859366429727b38) Importer(815301076,1909f56bfc062723c751e8b465ee728b)
Start importing Assets/Modular Platforms/FBX/Cube_Grass_SideBottom_Tall.fbx using Guid(06df9624fac153146859366429727b38) Importer(815301076,1909f56bfc062723c751e8b465ee728b)  -> (artifact id: 'ad32c64a6b1bfcd79e1a4efaeac05421') in 0.025235 seconds 
  Import took 0.027372 seconds .

AssetImportWorkerClient::OnTransportError - code=2 error=End of file
